2016-03-07 19:52:25,478 [INFO] from models.persistence.dao.impl.ItemDao in application-akka.actor.default-dispatcher-2 - Getting List of ItemEntity
2016-03-07 19:52:25,478 [INFO] from models.persistence.dao.impl.ItemDao in application-akka.actor.default-dispatcher-2 - List query Select e from ItemEntity e
2016-03-07 19:52:25,478 [INFO] from models.persistence.dao.play.EntityManagerProvider in application-akka.actor.default-dispatcher-2 - Getting Entity manager 
2016-03-07 19:52:25,478 [INFO] from models.persistence.dao.play.EntityManagerProvider in application-akka.actor.default-dispatcher-2 - Returning Entity Manager org.hibernate.jpa.internal.EntityManagerImpl@6d8f5e7a
2016-03-07 20:07:34,029 [INFO] from models.persistence.dao.impl.ProjectDao in application-akka.actor.default-dispatcher-8 - Getting List of ProjectEntity
2016-03-07 20:07:34,030 [INFO] from models.persistence.dao.impl.ProjectDao in application-akka.actor.default-dispatcher-8 - List query Select e from ProjectEntity e
2016-03-07 20:07:34,030 [INFO] from models.persistence.dao.play.EntityManagerProvider in application-akka.actor.default-dispatcher-8 - Getting Entity manager 
2016-03-07 20:07:34,030 [INFO] from models.persistence.dao.play.EntityManagerProvider in application-akka.actor.default-dispatcher-8 - Returning Entity Manager org.hibernate.jpa.internal.EntityManagerImpl@40c98830
2016-03-07 20:11:56,225 [INFO] from models.persistence.dao.impl.ItemDao in application-akka.actor.default-dispatcher-2 - Getting List of ItemEntity
2016-03-07 20:11:56,226 [INFO] from models.persistence.dao.impl.ItemDao in application-akka.actor.default-dispatcher-2 - List query Select e from ItemEntity e
2016-03-07 20:11:56,226 [INFO] from models.persistence.dao.play.EntityManagerProvider in application-akka.actor.default-dispatcher-2 - Getting Entity manager 
2016-03-07 20:11:56,226 [INFO] from models.persistence.dao.play.EntityManagerProvider in application-akka.actor.default-dispatcher-2 - Returning Entity Manager org.hibernate.jpa.internal.EntityManagerImpl@5f89b2c0
2016-03-07 20:11:56,249 [INFO] from models.persistence.dao.impl.ProjectDao in application-akka.actor.default-dispatcher-10 - Getting List of ProjectEntity
2016-03-07 20:11:56,250 [INFO] from models.persistence.dao.impl.ProjectDao in application-akka.actor.default-dispatcher-10 - List query Select e from ProjectEntity e
2016-03-07 20:11:56,250 [INFO] from models.persistence.dao.play.EntityManagerProvider in application-akka.actor.default-dispatcher-10 - Getting Entity manager 
2016-03-07 20:11:56,250 [INFO] from models.persistence.dao.play.EntityManagerProvider in application-akka.actor.default-dispatcher-10 - Returning Entity Manager org.hibernate.jpa.internal.EntityManagerImpl@75fe012a
2016-03-07 20:12:00,173 [INFO] from models.persistence.dao.play.EntityManagerProvider in application-akka.actor.default-dispatcher-2 - Getting Entity manager 
2016-03-07 20:12:00,173 [INFO] from models.persistence.dao.play.EntityManagerProvider in application-akka.actor.default-dispatcher-2 - Returning Entity Manager org.hibernate.jpa.internal.EntityManagerImpl@64d3ca66
2016-03-07 20:12:00,173 [INFO] from models.persistence.dao.play.EntityManagerProvider in application-akka.actor.default-dispatcher-2 - Getting Entity manager 
2016-03-07 20:12:00,173 [INFO] from models.persistence.dao.play.EntityManagerProvider in application-akka.actor.default-dispatcher-2 - Returning Entity Manager org.hibernate.jpa.internal.EntityManagerImpl@64d3ca66
2016-03-07 20:12:06,999 [INFO] from models.persistence.dao.impl.ProjectDao in application-akka.actor.default-dispatcher-2 - About to persist the entity models.persistence.entities.ProjectEntity@4d83b7d5
2016-03-07 20:12:06,999 [INFO] from models.persistence.dao.play.EntityManagerProvider in application-akka.actor.default-dispatcher-2 - Getting Entity manager 
2016-03-07 20:12:06,999 [INFO] from models.persistence.dao.play.EntityManagerProvider in application-akka.actor.default-dispatcher-2 - Returning Entity Manager org.hibernate.jpa.internal.EntityManagerImpl@511d1cad
2016-03-07 20:12:08,035 [INFO] from models.persistence.dao.impl.ProjectDao in application-akka.actor.default-dispatcher-10 - Getting List of ProjectEntity
2016-03-07 20:12:08,035 [INFO] from models.persistence.dao.impl.ProjectDao in application-akka.actor.default-dispatcher-10 - List query Select e from ProjectEntity e
2016-03-07 20:12:08,036 [INFO] from models.persistence.dao.play.EntityManagerProvider in application-akka.actor.default-dispatcher-10 - Getting Entity manager 
2016-03-07 20:12:08,036 [INFO] from models.persistence.dao.play.EntityManagerProvider in application-akka.actor.default-dispatcher-10 - Returning Entity Manager org.hibernate.jpa.internal.EntityManagerImpl@701823af
2016-03-07 20:43:21,064 [INFO] from persistence.dao.impl.ProjectDao in application-akka.actor.default-dispatcher-8 - Getting List of ProjectEntity
2016-03-07 20:43:21,064 [INFO] from persistence.dao.impl.ProjectDao in application-akka.actor.default-dispatcher-8 - List query Select e from ProjectEntity e
2016-03-07 20:43:21,064 [INFO] from util.play.EntityManagerProvider in application-akka.actor.default-dispatcher-8 - Getting Entity manager 
2016-03-07 20:43:21,064 [INFO] from util.play.EntityManagerProvider in application-akka.actor.default-dispatcher-8 - Returning Entity Manager org.hibernate.jpa.internal.EntityManagerImpl@2c178e61
2016-03-07 20:43:30,822 [INFO] from persistence.dao.impl.ProjectDao in application-akka.actor.default-dispatcher-3 - About to persist the entity persistence.entities.ProjectEntity@799ab2bb
2016-03-07 20:43:30,823 [INFO] from util.play.EntityManagerProvider in application-akka.actor.default-dispatcher-3 - Getting Entity manager 
2016-03-07 20:43:30,823 [INFO] from util.play.EntityManagerProvider in application-akka.actor.default-dispatcher-3 - Returning Entity Manager org.hibernate.jpa.internal.EntityManagerImpl@7da53950
2016-03-07 20:43:31,898 [INFO] from persistence.dao.impl.ProjectDao in application-akka.actor.default-dispatcher-5 - Getting List of ProjectEntity
2016-03-07 20:43:31,898 [INFO] from persistence.dao.impl.ProjectDao in application-akka.actor.default-dispatcher-5 - List query Select e from ProjectEntity e
2016-03-07 20:43:31,898 [INFO] from util.play.EntityManagerProvider in application-akka.actor.default-dispatcher-5 - Getting Entity manager 
2016-03-07 20:43:31,898 [INFO] from util.play.EntityManagerProvider in application-akka.actor.default-dispatcher-5 - Returning Entity Manager org.hibernate.jpa.internal.EntityManagerImpl@31f4ac9a
